<?xml version="1.0" encoding="UTF-8"?>
<testng-results ignored="0" total="13" passed="9" failed="4" skipped="0">
  <reporter-output>
  </reporter-output>
  <suite started-at="2024-11-26T15:20:07 IST" name="Suite" finished-at="2024-11-26T15:32:05 IST" duration-ms="717116">
    <groups>
    </groups>
    <test started-at="2024-11-26T15:20:07 IST" name="Test" finished-at="2024-11-26T15:32:05 IST" duration-ms="717116">
      <class name="com.via.test.HotelBookPageTest">
        <test-method is-config="true" signature="reportConfiguration()[pri:0, instance:com.via.test.HotelBookPageTest@543295b0]" started-at="2024-11-26T15:20:08 IST" name="reportConfiguration" finished-at="2024-11-26T15:20:08 IST" duration-ms="1" status="PASS">
          <reporter-output>
          </reporter-output>
        </test-method> <!-- reportConfiguration -->
        <test-method is-config="true" signature="setup()[pri:0, instance:com.via.test.HotelBookPageTest@543295b0]" started-at="2024-11-26T15:27:22 IST" name="setup" finished-at="2024-11-26T15:27:36 IST" duration-ms="14301" status="PASS">
          <reporter-output>
          </reporter-output>
        </test-method> <!-- setup -->
        <test-method signature="validateHotelBookPageTest()[pri:0, instance:com.via.test.HotelBookPageTest@543295b0]" started-at="2024-11-26T15:27:36 IST" name="validateHotelBookPageTest" finished-at="2024-11-26T15:28:17 IST" duration-ms="41186" status="PASS">
          <reporter-output>
          </reporter-output>
        </test-method> <!-- validateHotelBookPageTest -->
        <test-method is-config="true" signature="closeSetup()[pri:0, instance:com.via.test.HotelBookPageTest@543295b0]" started-at="2024-11-26T15:28:17 IST" name="closeSetup" finished-at="2024-11-26T15:28:19 IST" duration-ms="1946" status="PASS">
          <reporter-output>
          </reporter-output>
        </test-method> <!-- closeSetup -->
        <test-method is-config="true" signature="publishReport()[pri:0, instance:com.via.test.HotelBookPageTest@543295b0]" started-at="2024-11-26T15:32:05 IST" name="publishReport" finished-at="2024-11-26T15:32:05 IST" duration-ms="28" status="PASS">
          <reporter-output>
          </reporter-output>
        </test-method> <!-- publishReport -->
      </class> <!-- com.via.test.HotelBookPageTest -->
      <class name="com.via.test.EnterDetailsPageTest">
        <test-method is-config="true" signature="reportConfiguration()[pri:0, instance:com.via.test.EnterDetailsPageTest@54422e18]" started-at="2024-11-26T15:20:08 IST" name="reportConfiguration" finished-at="2024-11-26T15:20:08 IST" duration-ms="408" status="PASS">
          <reporter-output>
          </reporter-output>
        </test-method> <!-- reportConfiguration -->
        <test-method is-config="true" signature="setup()[pri:0, instance:com.via.test.EnterDetailsPageTest@54422e18]" started-at="2024-11-26T15:28:19 IST" name="setup" finished-at="2024-11-26T15:28:32 IST" duration-ms="12982" status="PASS">
          <reporter-output>
          </reporter-output>
        </test-method> <!-- setup -->
        <test-method signature="validateOneWayDetails()[pri:0, instance:com.via.test.EnterDetailsPageTest@54422e18]" started-at="2024-11-26T15:28:32 IST" name="validateOneWayDetails" finished-at="2024-11-26T15:29:06 IST" duration-ms="34131" status="PASS">
          <reporter-output>
          </reporter-output>
        </test-method> <!-- validateOneWayDetails -->
        <test-method is-config="true" signature="closeSetup()[pri:0, instance:com.via.test.EnterDetailsPageTest@54422e18]" started-at="2024-11-26T15:29:06 IST" name="closeSetup" finished-at="2024-11-26T15:29:08 IST" duration-ms="1894" status="PASS">
          <reporter-output>
          </reporter-output>
        </test-method> <!-- closeSetup -->
        <test-method is-config="true" signature="setup()[pri:0, instance:com.via.test.EnterDetailsPageTest@54422e18]" started-at="2024-11-26T15:29:08 IST" name="setup" finished-at="2024-11-26T15:29:19 IST" duration-ms="10880" status="PASS">
          <reporter-output>
          </reporter-output>
        </test-method> <!-- setup -->
        <test-method signature="validateRoundTripDetails()[pri:1, instance:com.via.test.EnterDetailsPageTest@54422e18]" started-at="2024-11-26T15:29:19 IST" name="validateRoundTripDetails" finished-at="2024-11-26T15:30:00 IST" duration-ms="40851" status="PASS">
          <reporter-output>
          </reporter-output>
        </test-method> <!-- validateRoundTripDetails -->
        <test-method is-config="true" signature="closeSetup()[pri:0, instance:com.via.test.EnterDetailsPageTest@54422e18]" started-at="2024-11-26T15:30:00 IST" name="closeSetup" finished-at="2024-11-26T15:30:02 IST" duration-ms="1836" status="PASS">
          <reporter-output>
          </reporter-output>
        </test-method> <!-- closeSetup -->
        <test-method is-config="true" signature="setup()[pri:0, instance:com.via.test.EnterDetailsPageTest@54422e18]" started-at="2024-11-26T15:30:02 IST" name="setup" finished-at="2024-11-26T15:30:27 IST" duration-ms="25559" status="PASS">
          <reporter-output>
          </reporter-output>
        </test-method> <!-- setup -->
        <test-method signature="validateMultiCityDetails()[pri:2, instance:com.via.test.EnterDetailsPageTest@54422e18]" started-at="2024-11-26T15:30:27 IST" name="validateMultiCityDetails" finished-at="2024-11-26T15:30:49 IST" duration-ms="21698" status="FAIL">
          <exception class="org.openqa.selenium.StaleElementReferenceException">
            <message>
              <![CDATA[stale element reference: stale element not found in the current frame
  (Session info: MicrosoftEdge=131.0.2903.63)
For documentation on this error, please visit: https://www.selenium.dev/documentation/webdriver/troubleshooting/errors#stale-element-reference-exception
Build info: version: '4.25.0', revision: '8a8aea2337'
System info: os.name: 'Windows 10', os.arch: 'amd64', os.version: '10.0', java.version: '21.0.4'
Driver info: org.openqa.selenium.edge.EdgeDriver
Command: [57107edcea33a917f5eaa807e16ec2f8, clickElement {id=f.05A69710EF3017B32323D2C42D7F8CF9.d.6532050DC08AF08C1D84D4F7B9CF8046.e.714}]
Capabilities {acceptInsecureCerts: false, browserName: MicrosoftEdge, browserVersion: 131.0.2903.63, fedcm:accounts: true, ms:edgeOptions: {debuggerAddress: localhost:62933}, msedge: {msedgedriverVersion: 131.0.2903.63 (3cf4b3e782aa..., userDataDir: C:\Users\KUMARI~1.SHA\AppDa...}, networkConnectionEnabled: false, pageLoadStrategy: normal, platformName: windows, proxy: Proxy(), se:cdp: ws://localhost:62933/devtoo..., se:cdpVersion: 131.0.2903.63, setWindowRect: true, strictFileInteractability: false, timeouts: {implicit: 0, pageLoad: 300000, script: 30000}, unhandledPromptBehavior: dismiss and notify, webauthn:extension:credBlob: true, webauthn:extension:largeBlob: true, webauthn:extension:minPinLength: true, webauthn:extension:prf: true, webauthn:virtualAuthenticators: true}
Element: [[EdgeDriver: MicrosoftEdge on windows (57107edcea33a917f5eaa807e16ec2f8)] -> xpath: //div[text()= 'Book Flights']]
Session ID: 57107edcea33a917f5eaa807e16ec2f8]]>
            </message>
            <full-stacktrace>
              <![CDATA[org.openqa.selenium.StaleElementReferenceException: stale element reference: stale element not found in the current frame
  (Session info: MicrosoftEdge=131.0.2903.63)
For documentation on this error, please visit: https://www.selenium.dev/documentation/webdriver/troubleshooting/errors#stale-element-reference-exception
Build info: version: '4.25.0', revision: '8a8aea2337'
System info: os.name: 'Windows 10', os.arch: 'amd64', os.version: '10.0', java.version: '21.0.4'
Driver info: org.openqa.selenium.edge.EdgeDriver
Command: [57107edcea33a917f5eaa807e16ec2f8, clickElement {id=f.05A69710EF3017B32323D2C42D7F8CF9.d.6532050DC08AF08C1D84D4F7B9CF8046.e.714}]
Capabilities {acceptInsecureCerts: false, browserName: MicrosoftEdge, browserVersion: 131.0.2903.63, fedcm:accounts: true, ms:edgeOptions: {debuggerAddress: localhost:62933}, msedge: {msedgedriverVersion: 131.0.2903.63 (3cf4b3e782aa..., userDataDir: C:\Users\KUMARI~1.SHA\AppDa...}, networkConnectionEnabled: false, pageLoadStrategy: normal, platformName: windows, proxy: Proxy(), se:cdp: ws://localhost:62933/devtoo..., se:cdpVersion: 131.0.2903.63, setWindowRect: true, strictFileInteractability: false, timeouts: {implicit: 0, pageLoad: 300000, script: 30000}, unhandledPromptBehavior: dismiss and notify, webauthn:extension:credBlob: true, webauthn:extension:largeBlob: true, webauthn:extension:minPinLength: true, webauthn:extension:prf: true, webauthn:virtualAuthenticators: true}
Element: [[EdgeDriver: MicrosoftEdge on windows (57107edcea33a917f5eaa807e16ec2f8)] -> xpath: //div[text()= 'Book Flights']]
Session ID: 57107edcea33a917f5eaa807e16ec2f8
at java.base/jdk.internal.reflect.DirectConstructorHandleAccessor.newInstance(DirectConstructorHandleAccessor.java:62)
at java.base/java.lang.reflect.Constructor.newInstanceWithCaller(Constructor.java:502)
at java.base/java.lang.reflect.Constructor.newInstance(Constructor.java:486)
at org.openqa.selenium.remote.ErrorCodec.decode(ErrorCodec.java:167)
at org.openqa.selenium.remote.codec.w3c.W3CHttpResponseCodec.decode(W3CHttpResponseCodec.java:138)
at org.openqa.selenium.remote.codec.w3c.W3CHttpResponseCodec.decode(W3CHttpResponseCodec.java:50)
at org.openqa.selenium.remote.HttpCommandExecutor.execute(HttpCommandExecutor.java:190)
at org.openqa.selenium.remote.service.DriverCommandExecutor.invokeExecute(DriverCommandExecutor.java:216)
at org.openqa.selenium.remote.service.DriverCommandExecutor.execute(DriverCommandExecutor.java:174)
at org.openqa.selenium.remote.RemoteWebDriver.execute(RemoteWebDriver.java:545)
at org.openqa.selenium.remote.RemoteWebElement.execute(RemoteWebElement.java:223)
at org.openqa.selenium.remote.RemoteWebElement.click(RemoteWebElement.java:76)
at com.via.pages.FlightBookPage.searchMultiCityFlight(FlightBookPage.java:62)
at com.via.test.EnterDetailsPageTest.validateMultiCityDetails(EnterDetailsPageTest.java:83)
at java.base/jdk.internal.reflect.DirectMethodHandleAccessor.invoke(DirectMethodHandleAccessor.java:103)
at java.base/java.lang.reflect.Method.invoke(Method.java:580)
at org.testng.internal.invokers.MethodInvocationHelper.invokeMethod(MethodInvocationHelper.java:141)
at org.testng.internal.invokers.TestInvoker.invokeMethod(TestInvoker.java:686)
at org.testng.internal.invokers.TestInvoker.invokeTestMethod(TestInvoker.java:230)
at org.testng.internal.invokers.MethodRunner.runInSequence(MethodRunner.java:63)
at org.testng.internal.invokers.TestInvoker$MethodInvocationAgent.invoke(TestInvoker.java:992)
at org.testng.internal.invokers.TestInvoker.invokeTestMethods(TestInvoker.java:203)
at org.testng.internal.invokers.TestMethodWorker.invokeTestMethods(TestMethodWorker.java:154)
at org.testng.internal.invokers.TestMethodWorker.run(TestMethodWorker.java:134)
at java.base/java.util.ArrayList.forEach(ArrayList.java:1596)
at org.testng.TestRunner.privateRun(TestRunner.java:739)
at org.testng.TestRunner.run(TestRunner.java:614)
at org.testng.SuiteRunner.runTest(SuiteRunner.java:421)
at org.testng.SuiteRunner.runSequentially(SuiteRunner.java:413)
at org.testng.SuiteRunner.privateRun(SuiteRunner.java:373)
at org.testng.SuiteRunner.run(SuiteRunner.java:312)
at org.testng.SuiteRunnerWorker.runSuite(SuiteRunnerWorker.java:52)
at org.testng.SuiteRunnerWorker.run(SuiteRunnerWorker.java:95)
at org.testng.TestNG.runSuitesSequentially(TestNG.java:1274)
at org.testng.TestNG.runSuitesLocally(TestNG.java:1208)
at org.testng.TestNG.runSuites(TestNG.java:1112)
at org.testng.TestNG.run(TestNG.java:1079)
at org.apache.maven.surefire.testng.TestNGExecutor.run(TestNGExecutor.java:308)
at org.apache.maven.surefire.testng.TestNGXmlTestSuite.execute(TestNGXmlTestSuite.java:71)
at org.apache.maven.surefire.testng.TestNGProvider.invoke(TestNGProvider.java:113)
at org.apache.maven.surefire.booter.ForkedBooter.runSuitesInProcess(ForkedBooter.java:385)
at org.apache.maven.surefire.booter.ForkedBooter.execute(ForkedBooter.java:162)
at org.apache.maven.surefire.booter.ForkedBooter.run(ForkedBooter.java:507)
at org.apache.maven.surefire.booter.ForkedBooter.main(ForkedBooter.java:495)
]]>
            </full-stacktrace>
          </exception> <!-- org.openqa.selenium.StaleElementReferenceException -->
          <reporter-output>
          </reporter-output>
        </test-method> <!-- validateMultiCityDetails -->
        <test-method is-config="true" signature="closeSetup()[pri:0, instance:com.via.test.EnterDetailsPageTest@54422e18]" started-at="2024-11-26T15:30:49 IST" name="closeSetup" finished-at="2024-11-26T15:30:51 IST" duration-ms="1861" status="PASS">
          <reporter-output>
          </reporter-output>
        </test-method> <!-- closeSetup -->
        <test-method is-config="true" signature="setup()[pri:0, instance:com.via.test.EnterDetailsPageTest@54422e18]" started-at="2024-11-26T15:30:51 IST" name="setup" finished-at="2024-11-26T15:31:04 IST" duration-ms="13544" status="PASS">
          <reporter-output>
          </reporter-output>
        </test-method> <!-- setup -->
        <test-method signature="validateHotelDetailsPageTest()[pri:3, instance:com.via.test.EnterDetailsPageTest@54422e18]" started-at="2024-11-26T15:31:04 IST" name="validateHotelDetailsPageTest" finished-at="2024-11-26T15:32:02 IST" duration-ms="57486" status="PASS">
          <reporter-output>
          </reporter-output>
        </test-method> <!-- validateHotelDetailsPageTest -->
        <test-method is-config="true" signature="closeSetup()[pri:0, instance:com.via.test.EnterDetailsPageTest@54422e18]" started-at="2024-11-26T15:32:02 IST" name="closeSetup" finished-at="2024-11-26T15:32:04 IST" duration-ms="1960" status="PASS">
          <reporter-output>
          </reporter-output>
        </test-method> <!-- closeSetup -->
        <test-method is-config="true" signature="publishReport()[pri:0, instance:com.via.test.EnterDetailsPageTest@54422e18]" started-at="2024-11-26T15:32:04 IST" name="publishReport" finished-at="2024-11-26T15:32:04 IST" duration-ms="720" status="PASS">
          <reporter-output>
          </reporter-output>
        </test-method> <!-- publishReport -->
      </class> <!-- com.via.test.EnterDetailsPageTest -->
      <class name="com.via.test.SignInPageTest">
        <test-method is-config="true" signature="reportConfiguration()[pri:0, instance:com.via.test.SignInPageTest@17f62e33]" started-at="2024-11-26T15:20:08 IST" name="reportConfiguration" finished-at="2024-11-26T15:20:08 IST" duration-ms="1" status="PASS">
          <reporter-output>
          </reporter-output>
        </test-method> <!-- reportConfiguration -->
        <test-method is-config="true" signature="setup()[pri:0, instance:com.via.test.SignInPageTest@17f62e33]" started-at="2024-11-26T15:20:08 IST" name="setup" finished-at="2024-11-26T15:20:22 IST" duration-ms="13900" status="PASS">
          <reporter-output>
          </reporter-output>
        </test-method> <!-- setup -->
        <test-method signature="validateSignInTest()[pri:0, instance:com.via.test.SignInPageTest@17f62e33]" started-at="2024-11-26T15:20:22 IST" name="validateSignInTest" finished-at="2024-11-26T15:20:27 IST" duration-ms="4887" status="PASS">
          <reporter-output>
          </reporter-output>
        </test-method> <!-- validateSignInTest -->
        <test-method is-config="true" signature="closeSetup()[pri:0, instance:com.via.test.SignInPageTest@17f62e33]" started-at="2024-11-26T15:20:27 IST" name="closeSetup" finished-at="2024-11-26T15:20:28 IST" duration-ms="1699" status="PASS">
          <reporter-output>
          </reporter-output>
        </test-method> <!-- closeSetup -->
        <test-method is-config="true" signature="publishReport()[pri:0, instance:com.via.test.SignInPageTest@17f62e33]" started-at="2024-11-26T15:32:05 IST" name="publishReport" finished-at="2024-11-26T15:32:05 IST" duration-ms="18" status="PASS">
          <reporter-output>
          </reporter-output>
        </test-method> <!-- publishReport -->
      </class> <!-- com.via.test.SignInPageTest -->
      <class name="com.via.test.FlightBookPageTest">
        <test-method is-config="true" signature="reportConfiguration()[pri:0, instance:com.via.test.FlightBookPageTest@563f38c4]" started-at="2024-11-26T15:20:08 IST" name="reportConfiguration" finished-at="2024-11-26T15:20:08 IST" duration-ms="2" status="PASS">
          <reporter-output>
          </reporter-output>
        </test-method> <!-- reportConfiguration -->
        <test-method is-config="true" signature="setup()[pri:0, instance:com.via.test.FlightBookPageTest@563f38c4]" started-at="2024-11-26T15:22:35 IST" name="setup" finished-at="2024-11-26T15:22:51 IST" duration-ms="15884" status="PASS">
          <reporter-output>
          </reporter-output>
        </test-method> <!-- setup -->
        <test-method signature="validateOneWayFlightBookPage()[pri:0, instance:com.via.test.FlightBookPageTest@563f38c4]" started-at="2024-11-26T15:22:51 IST" name="validateOneWayFlightBookPage" finished-at="2024-11-26T15:26:10 IST" duration-ms="199786" status="FAIL">
          <exception class="org.openqa.selenium.StaleElementReferenceException">
            <message>
              <![CDATA[stale element reference: stale element not found in the current frame
  (Session info: MicrosoftEdge=131.0.2903.63)
For documentation on this error, please visit: https://www.selenium.dev/documentation/webdriver/troubleshooting/errors#stale-element-reference-exception
Build info: version: '4.25.0', revision: '8a8aea2337'
System info: os.name: 'Windows 10', os.arch: 'amd64', os.version: '10.0', java.version: '21.0.4'
Driver info: org.openqa.selenium.edge.EdgeDriver
Command: [0df8e95e3509fa7d52c00b4b8f24a5a3, clickElement {id=f.A52ED944222E664C85D1EC9BB9873011.d.D565BC098B49E2F4CE3FF784D098F871.e.542}]
Capabilities {acceptInsecureCerts: false, browserName: MicrosoftEdge, browserVersion: 131.0.2903.63, fedcm:accounts: true, ms:edgeOptions: {debuggerAddress: localhost:51759}, msedge: {msedgedriverVersion: 131.0.2903.63 (3cf4b3e782aa..., userDataDir: C:\Users\KUMARI~1.SHA\AppDa...}, networkConnectionEnabled: false, pageLoadStrategy: normal, platformName: windows, proxy: Proxy(), se:cdp: ws://localhost:51759/devtoo..., se:cdpVersion: 131.0.2903.63, setWindowRect: true, strictFileInteractability: false, timeouts: {implicit: 0, pageLoad: 300000, script: 30000}, unhandledPromptBehavior: dismiss and notify, webauthn:extension:credBlob: true, webauthn:extension:largeBlob: true, webauthn:extension:minPinLength: true, webauthn:extension:prf: true, webauthn:virtualAuthenticators: true}
Element: [[EdgeDriver: MicrosoftEdge on windows (0df8e95e3509fa7d52c00b4b8f24a5a3)] -> xpath: //button[@class='bookCTA u_marB5']]
Session ID: 0df8e95e3509fa7d52c00b4b8f24a5a3]]>
            </message>
            <full-stacktrace>
              <![CDATA[org.openqa.selenium.StaleElementReferenceException: stale element reference: stale element not found in the current frame
  (Session info: MicrosoftEdge=131.0.2903.63)
For documentation on this error, please visit: https://www.selenium.dev/documentation/webdriver/troubleshooting/errors#stale-element-reference-exception
Build info: version: '4.25.0', revision: '8a8aea2337'
System info: os.name: 'Windows 10', os.arch: 'amd64', os.version: '10.0', java.version: '21.0.4'
Driver info: org.openqa.selenium.edge.EdgeDriver
Command: [0df8e95e3509fa7d52c00b4b8f24a5a3, clickElement {id=f.A52ED944222E664C85D1EC9BB9873011.d.D565BC098B49E2F4CE3FF784D098F871.e.542}]
Capabilities {acceptInsecureCerts: false, browserName: MicrosoftEdge, browserVersion: 131.0.2903.63, fedcm:accounts: true, ms:edgeOptions: {debuggerAddress: localhost:51759}, msedge: {msedgedriverVersion: 131.0.2903.63 (3cf4b3e782aa..., userDataDir: C:\Users\KUMARI~1.SHA\AppDa...}, networkConnectionEnabled: false, pageLoadStrategy: normal, platformName: windows, proxy: Proxy(), se:cdp: ws://localhost:51759/devtoo..., se:cdpVersion: 131.0.2903.63, setWindowRect: true, strictFileInteractability: false, timeouts: {implicit: 0, pageLoad: 300000, script: 30000}, unhandledPromptBehavior: dismiss and notify, webauthn:extension:credBlob: true, webauthn:extension:largeBlob: true, webauthn:extension:minPinLength: true, webauthn:extension:prf: true, webauthn:virtualAuthenticators: true}
Element: [[EdgeDriver: MicrosoftEdge on windows (0df8e95e3509fa7d52c00b4b8f24a5a3)] -> xpath: //button[@class='bookCTA u_marB5']]
Session ID: 0df8e95e3509fa7d52c00b4b8f24a5a3
at java.base/jdk.internal.reflect.DirectConstructorHandleAccessor.newInstance(DirectConstructorHandleAccessor.java:62)
at java.base/java.lang.reflect.Constructor.newInstanceWithCaller(Constructor.java:502)
at java.base/java.lang.reflect.Constructor.newInstance(Constructor.java:486)
at org.openqa.selenium.remote.ErrorCodec.decode(ErrorCodec.java:167)
at org.openqa.selenium.remote.codec.w3c.W3CHttpResponseCodec.decode(W3CHttpResponseCodec.java:138)
at org.openqa.selenium.remote.codec.w3c.W3CHttpResponseCodec.decode(W3CHttpResponseCodec.java:50)
at org.openqa.selenium.remote.HttpCommandExecutor.execute(HttpCommandExecutor.java:190)
at org.openqa.selenium.remote.service.DriverCommandExecutor.invokeExecute(DriverCommandExecutor.java:216)
at org.openqa.selenium.remote.service.DriverCommandExecutor.execute(DriverCommandExecutor.java:174)
at org.openqa.selenium.remote.RemoteWebDriver.execute(RemoteWebDriver.java:545)
at org.openqa.selenium.remote.RemoteWebElement.execute(RemoteWebElement.java:223)
at org.openqa.selenium.remote.RemoteWebElement.click(RemoteWebElement.java:76)
at com.via.pages.FlightBookPage.searchOneWayFlight(FlightBookPage.java:25)
at com.via.test.FlightBookPageTest.validateOneWayFlightBookPage(FlightBookPageTest.java:53)
at java.base/jdk.internal.reflect.DirectMethodHandleAccessor.invoke(DirectMethodHandleAccessor.java:103)
at java.base/java.lang.reflect.Method.invoke(Method.java:580)
at org.testng.internal.invokers.MethodInvocationHelper.invokeMethod(MethodInvocationHelper.java:141)
at org.testng.internal.invokers.TestInvoker.invokeMethod(TestInvoker.java:686)
at org.testng.internal.invokers.TestInvoker.invokeTestMethod(TestInvoker.java:230)
at org.testng.internal.invokers.MethodRunner.runInSequence(MethodRunner.java:63)
at org.testng.internal.invokers.TestInvoker$MethodInvocationAgent.invoke(TestInvoker.java:992)
at org.testng.internal.invokers.TestInvoker.invokeTestMethods(TestInvoker.java:203)
at org.testng.internal.invokers.TestMethodWorker.invokeTestMethods(TestMethodWorker.java:154)
at org.testng.internal.invokers.TestMethodWorker.run(TestMethodWorker.java:134)
at java.base/java.util.ArrayList.forEach(ArrayList.java:1596)
at org.testng.TestRunner.privateRun(TestRunner.java:739)
at org.testng.TestRunner.run(TestRunner.java:614)
at org.testng.SuiteRunner.runTest(SuiteRunner.java:421)
at org.testng.SuiteRunner.runSequentially(SuiteRunner.java:413)
at org.testng.SuiteRunner.privateRun(SuiteRunner.java:373)
at org.testng.SuiteRunner.run(SuiteRunner.java:312)
at org.testng.SuiteRunnerWorker.runSuite(SuiteRunnerWorker.java:52)
at org.testng.SuiteRunnerWorker.run(SuiteRunnerWorker.java:95)
at org.testng.TestNG.runSuitesSequentially(TestNG.java:1274)
at org.testng.TestNG.runSuitesLocally(TestNG.java:1208)
at org.testng.TestNG.runSuites(TestNG.java:1112)
at org.testng.TestNG.run(TestNG.java:1079)
at org.apache.maven.surefire.testng.TestNGExecutor.run(TestNGExecutor.java:308)
at org.apache.maven.surefire.testng.TestNGXmlTestSuite.execute(TestNGXmlTestSuite.java:71)
at org.apache.maven.surefire.testng.TestNGProvider.invoke(TestNGProvider.java:113)
at org.apache.maven.surefire.booter.ForkedBooter.runSuitesInProcess(ForkedBooter.java:385)
at org.apache.maven.surefire.booter.ForkedBooter.execute(ForkedBooter.java:162)
at org.apache.maven.surefire.booter.ForkedBooter.run(ForkedBooter.java:507)
at org.apache.maven.surefire.booter.ForkedBooter.main(ForkedBooter.java:495)
]]>
            </full-stacktrace>
          </exception> <!-- org.openqa.selenium.StaleElementReferenceException -->
          <reporter-output>
          </reporter-output>
        </test-method> <!-- validateOneWayFlightBookPage -->
        <test-method is-config="true" signature="closeSetup()[pri:0, instance:com.via.test.FlightBookPageTest@563f38c4]" started-at="2024-11-26T15:26:10 IST" name="closeSetup" finished-at="2024-11-26T15:26:13 IST" duration-ms="2213" status="PASS">
          <reporter-output>
          </reporter-output>
        </test-method> <!-- closeSetup -->
        <test-method is-config="true" signature="setup()[pri:0, instance:com.via.test.FlightBookPageTest@563f38c4]" started-at="2024-11-26T15:26:13 IST" name="setup" finished-at="2024-11-26T15:26:26 IST" duration-ms="13206" status="PASS">
          <reporter-output>
          </reporter-output>
        </test-method> <!-- setup -->
        <test-method signature="ValidateRoundTripFlightBookPage()[pri:1, instance:com.via.test.FlightBookPageTest@563f38c4]" started-at="2024-11-26T15:26:26 IST" name="ValidateRoundTripFlightBookPage" finished-at="2024-11-26T15:26:45 IST" duration-ms="19399" status="FAIL">
          <exception class="org.openqa.selenium.StaleElementReferenceException">
            <message>
              <![CDATA[stale element reference: stale element not found in the current frame
  (Session info: MicrosoftEdge=131.0.2903.63)
For documentation on this error, please visit: https://www.selenium.dev/documentation/webdriver/troubleshooting/errors#stale-element-reference-exception
Build info: version: '4.25.0', revision: '8a8aea2337'
System info: os.name: 'Windows 10', os.arch: 'amd64', os.version: '10.0', java.version: '21.0.4'
Driver info: org.openqa.selenium.edge.EdgeDriver
Command: [da0689a85dc6706476d2bbaee8a2cec3, clickElement {id=f.A07C1A899F121D6592CCDA3C10A74B43.d.AFBCEFC71354B32474DDFB3600507F9F.e.555}]
Capabilities {acceptInsecureCerts: false, browserName: MicrosoftEdge, browserVersion: 131.0.2903.63, fedcm:accounts: true, ms:edgeOptions: {debuggerAddress: localhost:62292}, msedge: {msedgedriverVersion: 131.0.2903.63 (3cf4b3e782aa..., userDataDir: C:\Users\KUMARI~1.SHA\AppDa...}, networkConnectionEnabled: false, pageLoadStrategy: normal, platformName: windows, proxy: Proxy(), se:cdp: ws://localhost:62292/devtoo..., se:cdpVersion: 131.0.2903.63, setWindowRect: true, strictFileInteractability: false, timeouts: {implicit: 0, pageLoad: 300000, script: 30000}, unhandledPromptBehavior: dismiss and notify, webauthn:extension:credBlob: true, webauthn:extension:largeBlob: true, webauthn:extension:minPinLength: true, webauthn:extension:prf: true, webauthn:virtualAuthenticators: true}
Element: [[EdgeDriver: MicrosoftEdge on windows (da0689a85dc6706476d2bbaee8a2cec3)] -> xpath: //div[@class= 'returnResults']/div[3]/div/div[2]/div[2]/button[@class= 'bookCTA u_marB5']]
Session ID: da0689a85dc6706476d2bbaee8a2cec3]]>
            </message>
            <full-stacktrace>
              <![CDATA[org.openqa.selenium.StaleElementReferenceException: stale element reference: stale element not found in the current frame
  (Session info: MicrosoftEdge=131.0.2903.63)
For documentation on this error, please visit: https://www.selenium.dev/documentation/webdriver/troubleshooting/errors#stale-element-reference-exception
Build info: version: '4.25.0', revision: '8a8aea2337'
System info: os.name: 'Windows 10', os.arch: 'amd64', os.version: '10.0', java.version: '21.0.4'
Driver info: org.openqa.selenium.edge.EdgeDriver
Command: [da0689a85dc6706476d2bbaee8a2cec3, clickElement {id=f.A07C1A899F121D6592CCDA3C10A74B43.d.AFBCEFC71354B32474DDFB3600507F9F.e.555}]
Capabilities {acceptInsecureCerts: false, browserName: MicrosoftEdge, browserVersion: 131.0.2903.63, fedcm:accounts: true, ms:edgeOptions: {debuggerAddress: localhost:62292}, msedge: {msedgedriverVersion: 131.0.2903.63 (3cf4b3e782aa..., userDataDir: C:\Users\KUMARI~1.SHA\AppDa...}, networkConnectionEnabled: false, pageLoadStrategy: normal, platformName: windows, proxy: Proxy(), se:cdp: ws://localhost:62292/devtoo..., se:cdpVersion: 131.0.2903.63, setWindowRect: true, strictFileInteractability: false, timeouts: {implicit: 0, pageLoad: 300000, script: 30000}, unhandledPromptBehavior: dismiss and notify, webauthn:extension:credBlob: true, webauthn:extension:largeBlob: true, webauthn:extension:minPinLength: true, webauthn:extension:prf: true, webauthn:virtualAuthenticators: true}
Element: [[EdgeDriver: MicrosoftEdge on windows (da0689a85dc6706476d2bbaee8a2cec3)] -> xpath: //div[@class= 'returnResults']/div[3]/div/div[2]/div[2]/button[@class= 'bookCTA u_marB5']]
Session ID: da0689a85dc6706476d2bbaee8a2cec3
at java.base/jdk.internal.reflect.DirectConstructorHandleAccessor.newInstance(DirectConstructorHandleAccessor.java:62)
at java.base/java.lang.reflect.Constructor.newInstanceWithCaller(Constructor.java:502)
at java.base/java.lang.reflect.Constructor.newInstance(Constructor.java:486)
at org.openqa.selenium.remote.ErrorCodec.decode(ErrorCodec.java:167)
at org.openqa.selenium.remote.codec.w3c.W3CHttpResponseCodec.decode(W3CHttpResponseCodec.java:138)
at org.openqa.selenium.remote.codec.w3c.W3CHttpResponseCodec.decode(W3CHttpResponseCodec.java:50)
at org.openqa.selenium.remote.HttpCommandExecutor.execute(HttpCommandExecutor.java:190)
at org.openqa.selenium.remote.service.DriverCommandExecutor.invokeExecute(DriverCommandExecutor.java:216)
at org.openqa.selenium.remote.service.DriverCommandExecutor.execute(DriverCommandExecutor.java:174)
at org.openqa.selenium.remote.RemoteWebDriver.execute(RemoteWebDriver.java:545)
at org.openqa.selenium.remote.RemoteWebElement.execute(RemoteWebElement.java:223)
at org.openqa.selenium.remote.RemoteWebElement.click(RemoteWebElement.java:76)
at com.via.pages.FlightBookPage.searchRoundTripFlight(FlightBookPage.java:40)
at com.via.test.FlightBookPageTest.ValidateRoundTripFlightBookPage(FlightBookPageTest.java:66)
at java.base/jdk.internal.reflect.DirectMethodHandleAccessor.invoke(DirectMethodHandleAccessor.java:103)
at java.base/java.lang.reflect.Method.invoke(Method.java:580)
at org.testng.internal.invokers.MethodInvocationHelper.invokeMethod(MethodInvocationHelper.java:141)
at org.testng.internal.invokers.TestInvoker.invokeMethod(TestInvoker.java:686)
at org.testng.internal.invokers.TestInvoker.invokeTestMethod(TestInvoker.java:230)
at org.testng.internal.invokers.MethodRunner.runInSequence(MethodRunner.java:63)
at org.testng.internal.invokers.TestInvoker$MethodInvocationAgent.invoke(TestInvoker.java:992)
at org.testng.internal.invokers.TestInvoker.invokeTestMethods(TestInvoker.java:203)
at org.testng.internal.invokers.TestMethodWorker.invokeTestMethods(TestMethodWorker.java:154)
at org.testng.internal.invokers.TestMethodWorker.run(TestMethodWorker.java:134)
at java.base/java.util.ArrayList.forEach(ArrayList.java:1596)
at org.testng.TestRunner.privateRun(TestRunner.java:739)
at org.testng.TestRunner.run(TestRunner.java:614)
at org.testng.SuiteRunner.runTest(SuiteRunner.java:421)
at org.testng.SuiteRunner.runSequentially(SuiteRunner.java:413)
at org.testng.SuiteRunner.privateRun(SuiteRunner.java:373)
at org.testng.SuiteRunner.run(SuiteRunner.java:312)
at org.testng.SuiteRunnerWorker.runSuite(SuiteRunnerWorker.java:52)
at org.testng.SuiteRunnerWorker.run(SuiteRunnerWorker.java:95)
at org.testng.TestNG.runSuitesSequentially(TestNG.java:1274)
at org.testng.TestNG.runSuitesLocally(TestNG.java:1208)
at org.testng.TestNG.runSuites(TestNG.java:1112)
at org.testng.TestNG.run(TestNG.java:1079)
at org.apache.maven.surefire.testng.TestNGExecutor.run(TestNGExecutor.java:308)
at org.apache.maven.surefire.testng.TestNGXmlTestSuite.execute(TestNGXmlTestSuite.java:71)
at org.apache.maven.surefire.testng.TestNGProvider.invoke(TestNGProvider.java:113)
at org.apache.maven.surefire.booter.ForkedBooter.runSuitesInProcess(ForkedBooter.java:385)
at org.apache.maven.surefire.booter.ForkedBooter.execute(ForkedBooter.java:162)
at org.apache.maven.surefire.booter.ForkedBooter.run(ForkedBooter.java:507)
at org.apache.maven.surefire.booter.ForkedBooter.main(ForkedBooter.java:495)
]]>
            </full-stacktrace>
          </exception> <!-- org.openqa.selenium.StaleElementReferenceException -->
          <reporter-output>
          </reporter-output>
        </test-method> <!-- ValidateRoundTripFlightBookPage -->
        <test-method is-config="true" signature="closeSetup()[pri:0, instance:com.via.test.FlightBookPageTest@563f38c4]" started-at="2024-11-26T15:26:45 IST" name="closeSetup" finished-at="2024-11-26T15:26:48 IST" duration-ms="2592" status="PASS">
          <reporter-output>
          </reporter-output>
        </test-method> <!-- closeSetup -->
        <test-method is-config="true" signature="setup()[pri:0, instance:com.via.test.FlightBookPageTest@563f38c4]" started-at="2024-11-26T15:26:48 IST" name="setup" finished-at="2024-11-26T15:27:00 IST" duration-ms="12514" status="PASS">
          <reporter-output>
          </reporter-output>
        </test-method> <!-- setup -->
        <test-method signature="ValidateMultiCityFlightBookPage()[pri:2, instance:com.via.test.FlightBookPageTest@563f38c4]" started-at="2024-11-26T15:27:00 IST" name="ValidateMultiCityFlightBookPage" finished-at="2024-11-26T15:27:19 IST" duration-ms="19047" status="FAIL">
          <exception class="org.openqa.selenium.StaleElementReferenceException">
            <message>
              <![CDATA[stale element reference: stale element not found in the current frame
  (Session info: MicrosoftEdge=131.0.2903.63)
For documentation on this error, please visit: https://www.selenium.dev/documentation/webdriver/troubleshooting/errors#stale-element-reference-exception
Build info: version: '4.25.0', revision: '8a8aea2337'
System info: os.name: 'Windows 10', os.arch: 'amd64', os.version: '10.0', java.version: '21.0.4'
Driver info: org.openqa.selenium.edge.EdgeDriver
Command: [41f50ce263dd18a9dcc7a2b2508919b8, clickElement {id=f.FCBDBBA6A029198515B886B711C0F417.d.FE713A004854B6E4323D1627EBC23EFF.e.537}]
Capabilities {acceptInsecureCerts: false, browserName: MicrosoftEdge, browserVersion: 131.0.2903.63, fedcm:accounts: true, ms:edgeOptions: {debuggerAddress: localhost:62400}, msedge: {msedgedriverVersion: 131.0.2903.63 (3cf4b3e782aa..., userDataDir: C:\Users\KUMARI~1.SHA\AppDa...}, networkConnectionEnabled: false, pageLoadStrategy: normal, platformName: windows, proxy: Proxy(), se:cdp: ws://localhost:62400/devtoo..., se:cdpVersion: 131.0.2903.63, setWindowRect: true, strictFileInteractability: false, timeouts: {implicit: 0, pageLoad: 300000, script: 30000}, unhandledPromptBehavior: dismiss and notify, webauthn:extension:credBlob: true, webauthn:extension:largeBlob: true, webauthn:extension:minPinLength: true, webauthn:extension:prf: true, webauthn:virtualAuthenticators: true}
Element: [[EdgeDriver: MicrosoftEdge on windows (41f50ce263dd18a9dcc7a2b2508919b8)] -> xpath: //div[@class='onwardResults']/div[3]/div/div[2]/div[2]/button[@class= 'bookCTA u_marB5']]
Session ID: 41f50ce263dd18a9dcc7a2b2508919b8]]>
            </message>
            <full-stacktrace>
              <![CDATA[org.openqa.selenium.StaleElementReferenceException: stale element reference: stale element not found in the current frame
  (Session info: MicrosoftEdge=131.0.2903.63)
For documentation on this error, please visit: https://www.selenium.dev/documentation/webdriver/troubleshooting/errors#stale-element-reference-exception
Build info: version: '4.25.0', revision: '8a8aea2337'
System info: os.name: 'Windows 10', os.arch: 'amd64', os.version: '10.0', java.version: '21.0.4'
Driver info: org.openqa.selenium.edge.EdgeDriver
Command: [41f50ce263dd18a9dcc7a2b2508919b8, clickElement {id=f.FCBDBBA6A029198515B886B711C0F417.d.FE713A004854B6E4323D1627EBC23EFF.e.537}]
Capabilities {acceptInsecureCerts: false, browserName: MicrosoftEdge, browserVersion: 131.0.2903.63, fedcm:accounts: true, ms:edgeOptions: {debuggerAddress: localhost:62400}, msedge: {msedgedriverVersion: 131.0.2903.63 (3cf4b3e782aa..., userDataDir: C:\Users\KUMARI~1.SHA\AppDa...}, networkConnectionEnabled: false, pageLoadStrategy: normal, platformName: windows, proxy: Proxy(), se:cdp: ws://localhost:62400/devtoo..., se:cdpVersion: 131.0.2903.63, setWindowRect: true, strictFileInteractability: false, timeouts: {implicit: 0, pageLoad: 300000, script: 30000}, unhandledPromptBehavior: dismiss and notify, webauthn:extension:credBlob: true, webauthn:extension:largeBlob: true, webauthn:extension:minPinLength: true, webauthn:extension:prf: true, webauthn:virtualAuthenticators: true}
Element: [[EdgeDriver: MicrosoftEdge on windows (41f50ce263dd18a9dcc7a2b2508919b8)] -> xpath: //div[@class='onwardResults']/div[3]/div/div[2]/div[2]/button[@class= 'bookCTA u_marB5']]
Session ID: 41f50ce263dd18a9dcc7a2b2508919b8
at java.base/jdk.internal.reflect.DirectConstructorHandleAccessor.newInstance(DirectConstructorHandleAccessor.java:62)
at java.base/java.lang.reflect.Constructor.newInstanceWithCaller(Constructor.java:502)
at java.base/java.lang.reflect.Constructor.newInstance(Constructor.java:486)
at org.openqa.selenium.remote.ErrorCodec.decode(ErrorCodec.java:167)
at org.openqa.selenium.remote.codec.w3c.W3CHttpResponseCodec.decode(W3CHttpResponseCodec.java:138)
at org.openqa.selenium.remote.codec.w3c.W3CHttpResponseCodec.decode(W3CHttpResponseCodec.java:50)
at org.openqa.selenium.remote.HttpCommandExecutor.execute(HttpCommandExecutor.java:190)
at org.openqa.selenium.remote.service.DriverCommandExecutor.invokeExecute(DriverCommandExecutor.java:216)
at org.openqa.selenium.remote.service.DriverCommandExecutor.execute(DriverCommandExecutor.java:174)
at org.openqa.selenium.remote.RemoteWebDriver.execute(RemoteWebDriver.java:545)
at org.openqa.selenium.remote.RemoteWebElement.execute(RemoteWebElement.java:223)
at org.openqa.selenium.remote.RemoteWebElement.click(RemoteWebElement.java:76)
at com.via.pages.FlightBookPage.searchMultiCityFlight(FlightBookPage.java:55)
at com.via.test.FlightBookPageTest.ValidateMultiCityFlightBookPage(FlightBookPageTest.java:80)
at java.base/jdk.internal.reflect.DirectMethodHandleAccessor.invoke(DirectMethodHandleAccessor.java:103)
at java.base/java.lang.reflect.Method.invoke(Method.java:580)
at org.testng.internal.invokers.MethodInvocationHelper.invokeMethod(MethodInvocationHelper.java:141)
at org.testng.internal.invokers.TestInvoker.invokeMethod(TestInvoker.java:686)
at org.testng.internal.invokers.TestInvoker.invokeTestMethod(TestInvoker.java:230)
at org.testng.internal.invokers.MethodRunner.runInSequence(MethodRunner.java:63)
at org.testng.internal.invokers.TestInvoker$MethodInvocationAgent.invoke(TestInvoker.java:992)
at org.testng.internal.invokers.TestInvoker.invokeTestMethods(TestInvoker.java:203)
at org.testng.internal.invokers.TestMethodWorker.invokeTestMethods(TestMethodWorker.java:154)
at org.testng.internal.invokers.TestMethodWorker.run(TestMethodWorker.java:134)
at java.base/java.util.ArrayList.forEach(ArrayList.java:1596)
at org.testng.TestRunner.privateRun(TestRunner.java:739)
at org.testng.TestRunner.run(TestRunner.java:614)
at org.testng.SuiteRunner.runTest(SuiteRunner.java:421)
at org.testng.SuiteRunner.runSequentially(SuiteRunner.java:413)
at org.testng.SuiteRunner.privateRun(SuiteRunner.java:373)
at org.testng.SuiteRunner.run(SuiteRunner.java:312)
at org.testng.SuiteRunnerWorker.runSuite(SuiteRunnerWorker.java:52)
at org.testng.SuiteRunnerWorker.run(SuiteRunnerWorker.java:95)
at org.testng.TestNG.runSuitesSequentially(TestNG.java:1274)
at org.testng.TestNG.runSuitesLocally(TestNG.java:1208)
at org.testng.TestNG.runSuites(TestNG.java:1112)
at org.testng.TestNG.run(TestNG.java:1079)
at org.apache.maven.surefire.testng.TestNGExecutor.run(TestNGExecutor.java:308)
at org.apache.maven.surefire.testng.TestNGXmlTestSuite.execute(TestNGXmlTestSuite.java:71)
at org.apache.maven.surefire.testng.TestNGProvider.invoke(TestNGProvider.java:113)
at org.apache.maven.surefire.booter.ForkedBooter.runSuitesInProcess(ForkedBooter.java:385)
at org.apache.maven.surefire.booter.ForkedBooter.execute(ForkedBooter.java:162)
at org.apache.maven.surefire.booter.ForkedBooter.run(ForkedBooter.java:507)
at org.apache.maven.surefire.booter.ForkedBooter.main(ForkedBooter.java:495)
]]>
            </full-stacktrace>
          </exception> <!-- org.openqa.selenium.StaleElementReferenceException -->
          <reporter-output>
          </reporter-output>
        </test-method> <!-- ValidateMultiCityFlightBookPage -->
        <test-method is-config="true" signature="closeSetup()[pri:0, instance:com.via.test.FlightBookPageTest@563f38c4]" started-at="2024-11-26T15:27:19 IST" name="closeSetup" finished-at="2024-11-26T15:27:22 IST" duration-ms="2239" status="PASS">
          <reporter-output>
          </reporter-output>
        </test-method> <!-- closeSetup -->
        <test-method is-config="true" signature="publishReport()[pri:0, instance:com.via.test.FlightBookPageTest@563f38c4]" started-at="2024-11-26T15:32:04 IST" name="publishReport" finished-at="2024-11-26T15:32:04 IST" duration-ms="41" status="PASS">
          <reporter-output>
          </reporter-output>
        </test-method> <!-- publishReport -->
      </class> <!-- com.via.test.FlightBookPageTest -->
      <class name="com.via.test.HotelPageTest">
        <test-method is-config="true" signature="reportConfiguration()[pri:0, instance:com.via.test.HotelPageTest@3e8c3cb]" started-at="2024-11-26T15:20:08 IST" name="reportConfiguration" finished-at="2024-11-26T15:20:08 IST" duration-ms="2" status="PASS">
          <reporter-output>
          </reporter-output>
        </test-method> <!-- reportConfiguration -->
        <test-method is-config="true" signature="setup()[pri:0, instance:com.via.test.HotelPageTest@3e8c3cb]" started-at="2024-11-26T15:21:46 IST" name="setup" finished-at="2024-11-26T15:21:56 IST" duration-ms="10299" status="PASS">
          <reporter-output>
          </reporter-output>
        </test-method> <!-- setup -->
        <test-method signature="validateHotelSearch()[pri:0, instance:com.via.test.HotelPageTest@3e8c3cb]" started-at="2024-11-26T15:21:56 IST" name="validateHotelSearch" finished-at="2024-11-26T15:22:33 IST" duration-ms="36581" status="PASS">
          <reporter-output>
          </reporter-output>
        </test-method> <!-- validateHotelSearch -->
        <test-method is-config="true" signature="closeSetup()[pri:0, instance:com.via.test.HotelPageTest@3e8c3cb]" started-at="2024-11-26T15:22:33 IST" name="closeSetup" finished-at="2024-11-26T15:22:35 IST" duration-ms="1898" status="PASS">
          <reporter-output>
          </reporter-output>
        </test-method> <!-- closeSetup -->
        <test-method is-config="true" signature="publishReport()[pri:0, instance:com.via.test.HotelPageTest@3e8c3cb]" started-at="2024-11-26T15:32:05 IST" name="publishReport" finished-at="2024-11-26T15:32:05 IST" duration-ms="30" status="PASS">
          <reporter-output>
          </reporter-output>
        </test-method> <!-- publishReport -->
      </class> <!-- com.via.test.HotelPageTest -->
      <class name="com.via.test.FlightPageTest">
        <test-method is-config="true" signature="reportConfiguration()[pri:0, instance:com.via.test.FlightPageTest@793f29ff]" started-at="2024-11-26T15:20:08 IST" name="reportConfiguration" finished-at="2024-11-26T15:20:08 IST" duration-ms="1" status="PASS">
          <reporter-output>
          </reporter-output>
        </test-method> <!-- reportConfiguration -->
        <test-method is-config="true" signature="setup()[pri:0, instance:com.via.test.FlightPageTest@793f29ff]" started-at="2024-11-26T15:20:28 IST" name="setup" finished-at="2024-11-26T15:20:39 IST" duration-ms="10762" status="PASS">
          <reporter-output>
          </reporter-output>
        </test-method> <!-- setup -->
        <test-method signature="validateOneWayTripTest()[pri:0, instance:com.via.test.FlightPageTest@793f29ff]" started-at="2024-11-26T15:20:39 IST" name="validateOneWayTripTest" finished-at="2024-11-26T15:20:50 IST" duration-ms="11066" status="PASS">
          <reporter-output>
          </reporter-output>
        </test-method> <!-- validateOneWayTripTest -->
        <test-method is-config="true" signature="closeSetup()[pri:0, instance:com.via.test.FlightPageTest@793f29ff]" started-at="2024-11-26T15:20:50 IST" name="closeSetup" finished-at="2024-11-26T15:20:52 IST" duration-ms="1713" status="PASS">
          <reporter-output>
          </reporter-output>
        </test-method> <!-- closeSetup -->
        <test-method is-config="true" signature="setup()[pri:0, instance:com.via.test.FlightPageTest@793f29ff]" started-at="2024-11-26T15:20:52 IST" name="setup" finished-at="2024-11-26T15:21:05 IST" duration-ms="13142" status="PASS">
          <reporter-output>
          </reporter-output>
        </test-method> <!-- setup -->
        <test-method signature="validateRoundTripTest()[pri:1, instance:com.via.test.FlightPageTest@793f29ff]" started-at="2024-11-26T15:21:05 IST" name="validateRoundTripTest" finished-at="2024-11-26T15:21:17 IST" duration-ms="12216" status="PASS">
          <reporter-output>
          </reporter-output>
        </test-method> <!-- validateRoundTripTest -->
        <test-method is-config="true" signature="closeSetup()[pri:0, instance:com.via.test.FlightPageTest@793f29ff]" started-at="2024-11-26T15:21:17 IST" name="closeSetup" finished-at="2024-11-26T15:21:19 IST" duration-ms="1908" status="PASS">
          <reporter-output>
          </reporter-output>
        </test-method> <!-- closeSetup -->
        <test-method is-config="true" signature="setup()[pri:0, instance:com.via.test.FlightPageTest@793f29ff]" started-at="2024-11-26T15:21:19 IST" name="setup" finished-at="2024-11-26T15:21:31 IST" duration-ms="11477" status="PASS">
          <reporter-output>
          </reporter-output>
        </test-method> <!-- setup -->
        <test-method signature="validateMultiCityTest()[pri:2, instance:com.via.test.FlightPageTest@793f29ff]" started-at="2024-11-26T15:21:31 IST" name="validateMultiCityTest" finished-at="2024-11-26T15:21:44 IST" duration-ms="13381" status="PASS">
          <reporter-output>
          </reporter-output>
        </test-method> <!-- validateMultiCityTest -->
        <test-method is-config="true" signature="closeSetup()[pri:0, instance:com.via.test.FlightPageTest@793f29ff]" started-at="2024-11-26T15:21:44 IST" name="closeSetup" finished-at="2024-11-26T15:21:46 IST" duration-ms="1753" status="PASS">
          <reporter-output>
          </reporter-output>
        </test-method> <!-- closeSetup -->
        <test-method is-config="true" signature="publishReport()[pri:0, instance:com.via.test.FlightPageTest@793f29ff]" started-at="2024-11-26T15:32:04 IST" name="publishReport" finished-at="2024-11-26T15:32:05 IST" duration-ms="32" status="PASS">
          <reporter-output>
          </reporter-output>
        </test-method> <!-- publishReport -->
      </class> <!-- com.via.test.FlightPageTest -->
    </test> <!-- Test -->
  </suite> <!-- Suite -->
</testng-results>
