<?xml version="1.0" encoding="UTF-8"?>
<!-- Generated by org.testng.reporters.JUnitXMLReporter -->
<testsuite ignored="0" hostname="SYNPYBRL145JQ78" failures="4" tests="13" name="Test" time="717.116" errors="0" timestamp="2024-11-26T15:32:05 IST">
  <testcase classname="com.via.test.SignInPageTest" name="validateSignInTest" time="4.887"/>
  <testcase classname="com.via.test.FlightPageTest" name="validateOneWayTripTest" time="11.066"/>
  <testcase classname="com.via.test.FlightPageTest" name="validateRoundTripTest" time="12.216"/>
  <testcase classname="com.via.test.FlightPageTest" name="validateMultiCityTest" time="13.381"/>
  <testcase classname="com.via.test.HotelPageTest" name="validateHotelSearch" time="36.581"/>
  <testcase classname="com.via.test.FlightBookPageTest" name="validateOneWayFlightBookPage" time="199.786">
    <failure type="org.openqa.selenium.StaleElementReferenceException" message="stale element reference: stale element not found in the current frame
  (Session info: MicrosoftEdge=131.0.2903.63)
For documentation on this error, please visit: https://www.selenium.dev/documentation/webdriver/troubleshooting/errors#stale-element-reference-exception
Build info: version: &amp;apos;4.25.0&amp;apos;, revision: &amp;apos;8a8aea2337&amp;apos;
System info: os.name: &amp;apos;Windows 10&amp;apos;, os.arch: &amp;apos;amd64&amp;apos;, os.version: &amp;apos;10.0&amp;apos;, java.version: &amp;apos;21.0.4&amp;apos;
Driver info: org.openqa.selenium.edge.EdgeDriver
Command: [0df8e95e3509fa7d52c00b4b8f24a5a3, clickElement {id=f.A52ED944222E664C85D1EC9BB9873011.d.D565BC098B49E2F4CE3FF784D098F871.e.542}]
Capabilities {acceptInsecureCerts: false, browserName: MicrosoftEdge, browserVersion: 131.0.2903.63, fedcm:accounts: true, ms:edgeOptions: {debuggerAddress: localhost:51759}, msedge: {msedgedriverVersion: 131.0.2903.63 (3cf4b3e782aa..., userDataDir: C:\Users\KUMARI~1.SHA\AppDa...}, networkConnectionEnabled: false, pageLoadStrategy: normal, platformName: windows, proxy: Proxy(), se:cdp: ws://localhost:51759/devtoo..., se:cdpVersion: 131.0.2903.63, setWindowRect: true, strictFileInteractability: false, timeouts: {implicit: 0, pageLoad: 300000, script: 30000}, unhandledPromptBehavior: dismiss and notify, webauthn:extension:credBlob: true, webauthn:extension:largeBlob: true, webauthn:extension:minPinLength: true, webauthn:extension:prf: true, webauthn:virtualAuthenticators: true}
Element: [[EdgeDriver: MicrosoftEdge on windows (0df8e95e3509fa7d52c00b4b8f24a5a3)] -&amp;gt; xpath: //button[@class=&amp;apos;bookCTA u_marB5&amp;apos;]]
Session ID: 0df8e95e3509fa7d52c00b4b8f24a5a3">
      <![CDATA[org.openqa.selenium.StaleElementReferenceException: stale element reference: stale element not found in the current frame
  (Session info: MicrosoftEdge=131.0.2903.63)
For documentation on this error, please visit: https://www.selenium.dev/documentation/webdriver/troubleshooting/errors#stale-element-reference-exception
Build info: version: '4.25.0', revision: '8a8aea2337'
System info: os.name: 'Windows 10', os.arch: 'amd64', os.version: '10.0', java.version: '21.0.4'
Driver info: org.openqa.selenium.edge.EdgeDriver
Command: [0df8e95e3509fa7d52c00b4b8f24a5a3, clickElement {id=f.A52ED944222E664C85D1EC9BB9873011.d.D565BC098B49E2F4CE3FF784D098F871.e.542}]
Capabilities {acceptInsecureCerts: false, browserName: MicrosoftEdge, browserVersion: 131.0.2903.63, fedcm:accounts: true, ms:edgeOptions: {debuggerAddress: localhost:51759}, msedge: {msedgedriverVersion: 131.0.2903.63 (3cf4b3e782aa..., userDataDir: C:\Users\KUMARI~1.SHA\AppDa...}, networkConnectionEnabled: false, pageLoadStrategy: normal, platformName: windows, proxy: Proxy(), se:cdp: ws://localhost:51759/devtoo..., se:cdpVersion: 131.0.2903.63, setWindowRect: true, strictFileInteractability: false, timeouts: {implicit: 0, pageLoad: 300000, script: 30000}, unhandledPromptBehavior: dismiss and notify, webauthn:extension:credBlob: true, webauthn:extension:largeBlob: true, webauthn:extension:minPinLength: true, webauthn:extension:prf: true, webauthn:virtualAuthenticators: true}
Element: [[EdgeDriver: MicrosoftEdge on windows (0df8e95e3509fa7d52c00b4b8f24a5a3)] -> xpath: //button[@class='bookCTA u_marB5']]
Session ID: 0df8e95e3509fa7d52c00b4b8f24a5a3
at org.openqa.selenium.remote.ErrorCodec.decode(ErrorCodec.java:167)
at org.openqa.selenium.remote.codec.w3c.W3CHttpResponseCodec.decode(W3CHttpResponseCodec.java:138)
at org.openqa.selenium.remote.codec.w3c.W3CHttpResponseCodec.decode(W3CHttpResponseCodec.java:50)
at org.openqa.selenium.remote.HttpCommandExecutor.execute(HttpCommandExecutor.java:190)
at org.openqa.selenium.remote.service.DriverCommandExecutor.invokeExecute(DriverCommandExecutor.java:216)
at org.openqa.selenium.remote.service.DriverCommandExecutor.execute(DriverCommandExecutor.java:174)
at org.openqa.selenium.remote.RemoteWebDriver.execute(RemoteWebDriver.java:545)
at org.openqa.selenium.remote.RemoteWebElement.execute(RemoteWebElement.java:223)
at org.openqa.selenium.remote.RemoteWebElement.click(RemoteWebElement.java:76)
at com.via.pages.FlightBookPage.searchOneWayFlight(FlightBookPage.java:25)
at com.via.test.FlightBookPageTest.validateOneWayFlightBookPage(FlightBookPageTest.java:53)
at java.base/java.util.ArrayList.forEach(ArrayList.java:1596)
... Removed 32 stack frames]]>
    </failure>
  </testcase> <!-- validateOneWayFlightBookPage -->
  <testcase classname="com.via.test.FlightBookPageTest" name="ValidateRoundTripFlightBookPage" time="19.399">
    <failure type="org.openqa.selenium.StaleElementReferenceException" message="stale element reference: stale element not found in the current frame
  (Session info: MicrosoftEdge=131.0.2903.63)
For documentation on this error, please visit: https://www.selenium.dev/documentation/webdriver/troubleshooting/errors#stale-element-reference-exception
Build info: version: &amp;apos;4.25.0&amp;apos;, revision: &amp;apos;8a8aea2337&amp;apos;
System info: os.name: &amp;apos;Windows 10&amp;apos;, os.arch: &amp;apos;amd64&amp;apos;, os.version: &amp;apos;10.0&amp;apos;, java.version: &amp;apos;21.0.4&amp;apos;
Driver info: org.openqa.selenium.edge.EdgeDriver
Command: [da0689a85dc6706476d2bbaee8a2cec3, clickElement {id=f.A07C1A899F121D6592CCDA3C10A74B43.d.AFBCEFC71354B32474DDFB3600507F9F.e.555}]
Capabilities {acceptInsecureCerts: false, browserName: MicrosoftEdge, browserVersion: 131.0.2903.63, fedcm:accounts: true, ms:edgeOptions: {debuggerAddress: localhost:62292}, msedge: {msedgedriverVersion: 131.0.2903.63 (3cf4b3e782aa..., userDataDir: C:\Users\KUMARI~1.SHA\AppDa...}, networkConnectionEnabled: false, pageLoadStrategy: normal, platformName: windows, proxy: Proxy(), se:cdp: ws://localhost:62292/devtoo..., se:cdpVersion: 131.0.2903.63, setWindowRect: true, strictFileInteractability: false, timeouts: {implicit: 0, pageLoad: 300000, script: 30000}, unhandledPromptBehavior: dismiss and notify, webauthn:extension:credBlob: true, webauthn:extension:largeBlob: true, webauthn:extension:minPinLength: true, webauthn:extension:prf: true, webauthn:virtualAuthenticators: true}
Element: [[EdgeDriver: MicrosoftEdge on windows (da0689a85dc6706476d2bbaee8a2cec3)] -&amp;gt; xpath: //div[@class= &amp;apos;returnResults&amp;apos;]/div[3]/div/div[2]/div[2]/button[@class= &amp;apos;bookCTA u_marB5&amp;apos;]]
Session ID: da0689a85dc6706476d2bbaee8a2cec3">
      <![CDATA[org.openqa.selenium.StaleElementReferenceException: stale element reference: stale element not found in the current frame
  (Session info: MicrosoftEdge=131.0.2903.63)
For documentation on this error, please visit: https://www.selenium.dev/documentation/webdriver/troubleshooting/errors#stale-element-reference-exception
Build info: version: '4.25.0', revision: '8a8aea2337'
System info: os.name: 'Windows 10', os.arch: 'amd64', os.version: '10.0', java.version: '21.0.4'
Driver info: org.openqa.selenium.edge.EdgeDriver
Command: [da0689a85dc6706476d2bbaee8a2cec3, clickElement {id=f.A07C1A899F121D6592CCDA3C10A74B43.d.AFBCEFC71354B32474DDFB3600507F9F.e.555}]
Capabilities {acceptInsecureCerts: false, browserName: MicrosoftEdge, browserVersion: 131.0.2903.63, fedcm:accounts: true, ms:edgeOptions: {debuggerAddress: localhost:62292}, msedge: {msedgedriverVersion: 131.0.2903.63 (3cf4b3e782aa..., userDataDir: C:\Users\KUMARI~1.SHA\AppDa...}, networkConnectionEnabled: false, pageLoadStrategy: normal, platformName: windows, proxy: Proxy(), se:cdp: ws://localhost:62292/devtoo..., se:cdpVersion: 131.0.2903.63, setWindowRect: true, strictFileInteractability: false, timeouts: {implicit: 0, pageLoad: 300000, script: 30000}, unhandledPromptBehavior: dismiss and notify, webauthn:extension:credBlob: true, webauthn:extension:largeBlob: true, webauthn:extension:minPinLength: true, webauthn:extension:prf: true, webauthn:virtualAuthenticators: true}
Element: [[EdgeDriver: MicrosoftEdge on windows (da0689a85dc6706476d2bbaee8a2cec3)] -> xpath: //div[@class= 'returnResults']/div[3]/div/div[2]/div[2]/button[@class= 'bookCTA u_marB5']]
Session ID: da0689a85dc6706476d2bbaee8a2cec3
at org.openqa.selenium.remote.ErrorCodec.decode(ErrorCodec.java:167)
at org.openqa.selenium.remote.codec.w3c.W3CHttpResponseCodec.decode(W3CHttpResponseCodec.java:138)
at org.openqa.selenium.remote.codec.w3c.W3CHttpResponseCodec.decode(W3CHttpResponseCodec.java:50)
at org.openqa.selenium.remote.HttpCommandExecutor.execute(HttpCommandExecutor.java:190)
at org.openqa.selenium.remote.service.DriverCommandExecutor.invokeExecute(DriverCommandExecutor.java:216)
at org.openqa.selenium.remote.service.DriverCommandExecutor.execute(DriverCommandExecutor.java:174)
at org.openqa.selenium.remote.RemoteWebDriver.execute(RemoteWebDriver.java:545)
at org.openqa.selenium.remote.RemoteWebElement.execute(RemoteWebElement.java:223)
at org.openqa.selenium.remote.RemoteWebElement.click(RemoteWebElement.java:76)
at com.via.pages.FlightBookPage.searchRoundTripFlight(FlightBookPage.java:40)
at com.via.test.FlightBookPageTest.ValidateRoundTripFlightBookPage(FlightBookPageTest.java:66)
at java.base/java.util.ArrayList.forEach(ArrayList.java:1596)
... Removed 32 stack frames]]>
    </failure>
  </testcase> <!-- ValidateRoundTripFlightBookPage -->
  <testcase classname="com.via.test.FlightBookPageTest" name="ValidateMultiCityFlightBookPage" time="19.047">
    <failure type="org.openqa.selenium.StaleElementReferenceException" message="stale element reference: stale element not found in the current frame
  (Session info: MicrosoftEdge=131.0.2903.63)
For documentation on this error, please visit: https://www.selenium.dev/documentation/webdriver/troubleshooting/errors#stale-element-reference-exception
Build info: version: &amp;apos;4.25.0&amp;apos;, revision: &amp;apos;8a8aea2337&amp;apos;
System info: os.name: &amp;apos;Windows 10&amp;apos;, os.arch: &amp;apos;amd64&amp;apos;, os.version: &amp;apos;10.0&amp;apos;, java.version: &amp;apos;21.0.4&amp;apos;
Driver info: org.openqa.selenium.edge.EdgeDriver
Command: [41f50ce263dd18a9dcc7a2b2508919b8, clickElement {id=f.FCBDBBA6A029198515B886B711C0F417.d.FE713A004854B6E4323D1627EBC23EFF.e.537}]
Capabilities {acceptInsecureCerts: false, browserName: MicrosoftEdge, browserVersion: 131.0.2903.63, fedcm:accounts: true, ms:edgeOptions: {debuggerAddress: localhost:62400}, msedge: {msedgedriverVersion: 131.0.2903.63 (3cf4b3e782aa..., userDataDir: C:\Users\KUMARI~1.SHA\AppDa...}, networkConnectionEnabled: false, pageLoadStrategy: normal, platformName: windows, proxy: Proxy(), se:cdp: ws://localhost:62400/devtoo..., se:cdpVersion: 131.0.2903.63, setWindowRect: true, strictFileInteractability: false, timeouts: {implicit: 0, pageLoad: 300000, script: 30000}, unhandledPromptBehavior: dismiss and notify, webauthn:extension:credBlob: true, webauthn:extension:largeBlob: true, webauthn:extension:minPinLength: true, webauthn:extension:prf: true, webauthn:virtualAuthenticators: true}
Element: [[EdgeDriver: MicrosoftEdge on windows (41f50ce263dd18a9dcc7a2b2508919b8)] -&amp;gt; xpath: //div[@class=&amp;apos;onwardResults&amp;apos;]/div[3]/div/div[2]/div[2]/button[@class= &amp;apos;bookCTA u_marB5&amp;apos;]]
Session ID: 41f50ce263dd18a9dcc7a2b2508919b8">
      <![CDATA[org.openqa.selenium.StaleElementReferenceException: stale element reference: stale element not found in the current frame
  (Session info: MicrosoftEdge=131.0.2903.63)
For documentation on this error, please visit: https://www.selenium.dev/documentation/webdriver/troubleshooting/errors#stale-element-reference-exception
Build info: version: '4.25.0', revision: '8a8aea2337'
System info: os.name: 'Windows 10', os.arch: 'amd64', os.version: '10.0', java.version: '21.0.4'
Driver info: org.openqa.selenium.edge.EdgeDriver
Command: [41f50ce263dd18a9dcc7a2b2508919b8, clickElement {id=f.FCBDBBA6A029198515B886B711C0F417.d.FE713A004854B6E4323D1627EBC23EFF.e.537}]
Capabilities {acceptInsecureCerts: false, browserName: MicrosoftEdge, browserVersion: 131.0.2903.63, fedcm:accounts: true, ms:edgeOptions: {debuggerAddress: localhost:62400}, msedge: {msedgedriverVersion: 131.0.2903.63 (3cf4b3e782aa..., userDataDir: C:\Users\KUMARI~1.SHA\AppDa...}, networkConnectionEnabled: false, pageLoadStrategy: normal, platformName: windows, proxy: Proxy(), se:cdp: ws://localhost:62400/devtoo..., se:cdpVersion: 131.0.2903.63, setWindowRect: true, strictFileInteractability: false, timeouts: {implicit: 0, pageLoad: 300000, script: 30000}, unhandledPromptBehavior: dismiss and notify, webauthn:extension:credBlob: true, webauthn:extension:largeBlob: true, webauthn:extension:minPinLength: true, webauthn:extension:prf: true, webauthn:virtualAuthenticators: true}
Element: [[EdgeDriver: MicrosoftEdge on windows (41f50ce263dd18a9dcc7a2b2508919b8)] -> xpath: //div[@class='onwardResults']/div[3]/div/div[2]/div[2]/button[@class= 'bookCTA u_marB5']]
Session ID: 41f50ce263dd18a9dcc7a2b2508919b8
at org.openqa.selenium.remote.ErrorCodec.decode(ErrorCodec.java:167)
at org.openqa.selenium.remote.codec.w3c.W3CHttpResponseCodec.decode(W3CHttpResponseCodec.java:138)
at org.openqa.selenium.remote.codec.w3c.W3CHttpResponseCodec.decode(W3CHttpResponseCodec.java:50)
at org.openqa.selenium.remote.HttpCommandExecutor.execute(HttpCommandExecutor.java:190)
at org.openqa.selenium.remote.service.DriverCommandExecutor.invokeExecute(DriverCommandExecutor.java:216)
at org.openqa.selenium.remote.service.DriverCommandExecutor.execute(DriverCommandExecutor.java:174)
at org.openqa.selenium.remote.RemoteWebDriver.execute(RemoteWebDriver.java:545)
at org.openqa.selenium.remote.RemoteWebElement.execute(RemoteWebElement.java:223)
at org.openqa.selenium.remote.RemoteWebElement.click(RemoteWebElement.java:76)
at com.via.pages.FlightBookPage.searchMultiCityFlight(FlightBookPage.java:55)
at com.via.test.FlightBookPageTest.ValidateMultiCityFlightBookPage(FlightBookPageTest.java:80)
at java.base/java.util.ArrayList.forEach(ArrayList.java:1596)
... Removed 32 stack frames]]>
    </failure>
  </testcase> <!-- ValidateMultiCityFlightBookPage -->
  <testcase classname="com.via.test.HotelBookPageTest" name="validateHotelBookPageTest" time="41.186"/>
  <testcase classname="com.via.test.EnterDetailsPageTest" name="validateOneWayDetails" time="34.131"/>
  <testcase classname="com.via.test.EnterDetailsPageTest" name="validateRoundTripDetails" time="40.851"/>
  <testcase classname="com.via.test.EnterDetailsPageTest" name="validateMultiCityDetails" time="21.698">
    <failure type="org.openqa.selenium.StaleElementReferenceException" message="stale element reference: stale element not found in the current frame
  (Session info: MicrosoftEdge=131.0.2903.63)
For documentation on this error, please visit: https://www.selenium.dev/documentation/webdriver/troubleshooting/errors#stale-element-reference-exception
Build info: version: &amp;apos;4.25.0&amp;apos;, revision: &amp;apos;8a8aea2337&amp;apos;
System info: os.name: &amp;apos;Windows 10&amp;apos;, os.arch: &amp;apos;amd64&amp;apos;, os.version: &amp;apos;10.0&amp;apos;, java.version: &amp;apos;21.0.4&amp;apos;
Driver info: org.openqa.selenium.edge.EdgeDriver
Command: [57107edcea33a917f5eaa807e16ec2f8, clickElement {id=f.05A69710EF3017B32323D2C42D7F8CF9.d.6532050DC08AF08C1D84D4F7B9CF8046.e.714}]
Capabilities {acceptInsecureCerts: false, browserName: MicrosoftEdge, browserVersion: 131.0.2903.63, fedcm:accounts: true, ms:edgeOptions: {debuggerAddress: localhost:62933}, msedge: {msedgedriverVersion: 131.0.2903.63 (3cf4b3e782aa..., userDataDir: C:\Users\KUMARI~1.SHA\AppDa...}, networkConnectionEnabled: false, pageLoadStrategy: normal, platformName: windows, proxy: Proxy(), se:cdp: ws://localhost:62933/devtoo..., se:cdpVersion: 131.0.2903.63, setWindowRect: true, strictFileInteractability: false, timeouts: {implicit: 0, pageLoad: 300000, script: 30000}, unhandledPromptBehavior: dismiss and notify, webauthn:extension:credBlob: true, webauthn:extension:largeBlob: true, webauthn:extension:minPinLength: true, webauthn:extension:prf: true, webauthn:virtualAuthenticators: true}
Element: [[EdgeDriver: MicrosoftEdge on windows (57107edcea33a917f5eaa807e16ec2f8)] -&amp;gt; xpath: //div[text()= &amp;apos;Book Flights&amp;apos;]]
Session ID: 57107edcea33a917f5eaa807e16ec2f8">
      <![CDATA[org.openqa.selenium.StaleElementReferenceException: stale element reference: stale element not found in the current frame
  (Session info: MicrosoftEdge=131.0.2903.63)
For documentation on this error, please visit: https://www.selenium.dev/documentation/webdriver/troubleshooting/errors#stale-element-reference-exception
Build info: version: '4.25.0', revision: '8a8aea2337'
System info: os.name: 'Windows 10', os.arch: 'amd64', os.version: '10.0', java.version: '21.0.4'
Driver info: org.openqa.selenium.edge.EdgeDriver
Command: [57107edcea33a917f5eaa807e16ec2f8, clickElement {id=f.05A69710EF3017B32323D2C42D7F8CF9.d.6532050DC08AF08C1D84D4F7B9CF8046.e.714}]
Capabilities {acceptInsecureCerts: false, browserName: MicrosoftEdge, browserVersion: 131.0.2903.63, fedcm:accounts: true, ms:edgeOptions: {debuggerAddress: localhost:62933}, msedge: {msedgedriverVersion: 131.0.2903.63 (3cf4b3e782aa..., userDataDir: C:\Users\KUMARI~1.SHA\AppDa...}, networkConnectionEnabled: false, pageLoadStrategy: normal, platformName: windows, proxy: Proxy(), se:cdp: ws://localhost:62933/devtoo..., se:cdpVersion: 131.0.2903.63, setWindowRect: true, strictFileInteractability: false, timeouts: {implicit: 0, pageLoad: 300000, script: 30000}, unhandledPromptBehavior: dismiss and notify, webauthn:extension:credBlob: true, webauthn:extension:largeBlob: true, webauthn:extension:minPinLength: true, webauthn:extension:prf: true, webauthn:virtualAuthenticators: true}
Element: [[EdgeDriver: MicrosoftEdge on windows (57107edcea33a917f5eaa807e16ec2f8)] -> xpath: //div[text()= 'Book Flights']]
Session ID: 57107edcea33a917f5eaa807e16ec2f8
at org.openqa.selenium.remote.ErrorCodec.decode(ErrorCodec.java:167)
at org.openqa.selenium.remote.codec.w3c.W3CHttpResponseCodec.decode(W3CHttpResponseCodec.java:138)
at org.openqa.selenium.remote.codec.w3c.W3CHttpResponseCodec.decode(W3CHttpResponseCodec.java:50)
at org.openqa.selenium.remote.HttpCommandExecutor.execute(HttpCommandExecutor.java:190)
at org.openqa.selenium.remote.service.DriverCommandExecutor.invokeExecute(DriverCommandExecutor.java:216)
at org.openqa.selenium.remote.service.DriverCommandExecutor.execute(DriverCommandExecutor.java:174)
at org.openqa.selenium.remote.RemoteWebDriver.execute(RemoteWebDriver.java:545)
at org.openqa.selenium.remote.RemoteWebElement.execute(RemoteWebElement.java:223)
at org.openqa.selenium.remote.RemoteWebElement.click(RemoteWebElement.java:76)
at com.via.pages.FlightBookPage.searchMultiCityFlight(FlightBookPage.java:62)
at com.via.test.EnterDetailsPageTest.validateMultiCityDetails(EnterDetailsPageTest.java:83)
at java.base/java.util.ArrayList.forEach(ArrayList.java:1596)
... Removed 32 stack frames]]>
    </failure>
  </testcase> <!-- validateMultiCityDetails -->
  <testcase classname="com.via.test.EnterDetailsPageTest" name="validateHotelDetailsPageTest" time="57.486"/>
</testsuite> <!-- Test -->
